C:\DEVELOPMENT\BALLOON\BALLOON\DEBUG\BALLOON.EXE.EMBED.MANIFEST
C:\DEVELOPMENT\BALLOON\BALLOON\DEBUG\BALLOON.EXE.EMBED.MANIFEST.RES
C:\DEVELOPMENT\BALLOON\BALLOON\DEBUG\BALLOON.EXE.INTERMEDIATE.MANIFEST
C:\DEVELOPMENT\BALLOON\BALLOON\DEBUG\BALLOON.OBJ
C:\DEVELOPMENT\BALLOON\BALLOON\DEBUG\BALLOON.PCH
C:\development\balloon\balloon\Debug\balloon_manifest.rc
C:\development\balloon\balloon\Debug\cl.command.1.tlog
C:\development\balloon\balloon\Debug\CL.read.1.tlog
C:\development\balloon\balloon\Debug\CL.write.1.tlog
C:\DEVELOPMENT\BALLOON\BALLOON\DEBUG\ELEMENT.OBJ
C:\DEVELOPMENT\BALLOON\BALLOON\DEBUG\FIELD.OBJ
C:\development\balloon\balloon\Debug\link.2556.read.1.tlog
C:\development\balloon\balloon\Debug\link.2556.write.1.tlog
C:\development\balloon\balloon\Debug\link.2556-cvtres.read.1.tlog
C:\development\balloon\balloon\Debug\link.2556-cvtres.write.1.tlog
C:\development\balloon\balloon\Debug\link.3308.read.1.tlog
C:\development\balloon\balloon\Debug\link.3308.write.1.tlog
C:\development\balloon\balloon\Debug\link.3308-cvtres.read.1.tlog
C:\development\balloon\balloon\Debug\link.3308-cvtres.write.1.tlog
C:\development\balloon\balloon\Debug\link.command.1.tlog
C:\development\balloon\balloon\Debug\link.read.1.tlog
C:\development\balloon\balloon\Debug\link.write.1.tlog
C:\development\balloon\balloon\Debug\link-cvtres.read.1.tlog
C:\development\balloon\balloon\Debug\link-cvtres.write.1.tlog
C:\development\balloon\balloon\Debug\mt.command.1.tlog
C:\development\balloon\balloon\Debug\mt.read.1.tlog
C:\development\balloon\balloon\Debug\mt.write.1.tlog
C:\development\balloon\balloon\Debug\rc.command.1.tlog
C:\development\balloon\balloon\Debug\rc.read.1.tlog
C:\development\balloon\balloon\Debug\rc.write.1.tlog
C:\DEVELOPMENT\BALLOON\BALLOON\DEBUG\STDAFX.OBJ
C:\development\balloon\balloon\Debug\vc100.idb
C:\DEVELOPMENT\BALLOON\BALLOON\DEBUG\VC100.PDB
C:\DEVELOPMENT\BALLOON\DEBUG\BALLOON.EXE
C:\DEVELOPMENT\BALLOON\DEBUG\BALLOON.ILK
C:\DEVELOPMENT\BALLOON\DEBUG\BALLOON.PDB
